2018-05-09 01:39:15,941 - Starting Jakarta Velocity v1.4
2018-05-09 01:39:15,941 - RuntimeInstance initializing.
2018-05-09 01:39:15,941 - Default Properties File: org\apache\velocity\runtime\defaults\velocity.properties
2018-05-09 01:39:15,941 - Trying to use logger class org.apache.velocity.runtime.log.SimpleLog4JLogSystem
2018-05-09 01:39:15,941 - Using logger class org.apache.velocity.runtime.log.SimpleLog4JLogSystem
2018-05-09 01:39:15,956 - Default ResourceManager initializing. (class org.apache.velocity.runtime.resource.ResourceManagerImpl)
2018-05-09 01:39:15,956 - Resource Loader Instantiated: org.apache.velocity.runtime.resource.loader.ClasspathResourceLoader
2018-05-09 01:39:15,956 - ClasspathResourceLoader : initialization starting.
2018-05-09 01:39:15,956 - ClasspathResourceLoader : initialization complete.
2018-05-09 01:39:15,972 - ResourceCache : initialized. (class org.apache.velocity.runtime.resource.ResourceCacheImpl)
2018-05-09 01:39:15,972 - Default ResourceManager initialization complete.
2018-05-09 01:39:15,972 - Loaded System Directive: org.apache.velocity.runtime.directive.Literal
2018-05-09 01:39:15,987 - Loaded System Directive: org.apache.velocity.runtime.directive.Macro
2018-05-09 01:39:15,987 - Loaded System Directive: org.apache.velocity.runtime.directive.Parse
2018-05-09 01:39:15,987 - Loaded System Directive: org.apache.velocity.runtime.directive.Include
2018-05-09 01:39:15,987 - Loaded System Directive: org.apache.velocity.runtime.directive.Foreach
2018-05-09 01:39:16,066 - Created: 20 parsers.
2018-05-09 01:39:16,081 - Velocimacro : initialization starting.
2018-05-09 01:39:16,081 - Velocimacro : adding VMs from VM library template : VM_global_library.vm
2018-05-09 01:39:16,112 - ResourceManager : unable to find resource 'VM_global_library.vm' in any resource loader.
2018-05-09 01:39:16,112 - Velocimacro : error using  VM library template VM_global_library.vm : org.apache.velocity.exception.ResourceNotFoundException: Unable to find resource 'VM_global_library.vm'
2018-05-09 01:39:16,112 - Velocimacro :  VM library template macro registration complete.
2018-05-09 01:39:16,112 - Velocimacro : allowInline = true : VMs can be defined inline in templates
2018-05-09 01:39:16,112 - Velocimacro : allowInlineToOverride = false : VMs defined inline may NOT replace previous VM definitions
2018-05-09 01:39:16,112 - Velocimacro : allowInlineLocal = false : VMs defined inline will be  global in scope if allowed.
2018-05-09 01:39:16,112 - Velocimacro : messages on  : VM system will output logging messages
2018-05-09 01:39:16,112 - Velocimacro : autoload off  : VM system will not automatically reload global library macros
2018-05-09 01:39:16,112 - Velocimacro : initialization complete.
2018-05-09 01:39:16,112 - Velocity successfully started.
2018-05-09 01:40:13,008 - SimpleLog4JLogSystem initialized using logfile 'velocity.log'
2018-05-09 01:40:13,008 - ************************************************************** 
2018-05-09 01:40:13,024 - Starting Jakarta Velocity v1.4
2018-05-09 01:40:13,024 - RuntimeInstance initializing.
2018-05-09 01:40:13,024 - Default Properties File: org\apache\velocity\runtime\defaults\velocity.properties
2018-05-09 01:40:13,024 - Trying to use logger class org.apache.velocity.runtime.log.SimpleLog4JLogSystem
2018-05-09 01:40:13,024 - Using logger class org.apache.velocity.runtime.log.SimpleLog4JLogSystem
2018-05-09 01:40:13,024 - Default ResourceManager initializing. (class org.apache.velocity.runtime.resource.ResourceManagerImpl)
2018-05-09 01:40:13,039 - Resource Loader Instantiated: org.apache.velocity.runtime.resource.loader.ClasspathResourceLoader
2018-05-09 01:40:13,039 - ClasspathResourceLoader : initialization starting.
2018-05-09 01:40:13,039 - ClasspathResourceLoader : initialization complete.
2018-05-09 01:40:13,039 - ResourceCache : initialized. (class org.apache.velocity.runtime.resource.ResourceCacheImpl)
2018-05-09 01:40:13,039 - Default ResourceManager initialization complete.
2018-05-09 01:40:13,055 - Loaded System Directive: org.apache.velocity.runtime.directive.Literal
2018-05-09 01:40:13,055 - Loaded System Directive: org.apache.velocity.runtime.directive.Macro
2018-05-09 01:40:13,055 - Loaded System Directive: org.apache.velocity.runtime.directive.Parse
2018-05-09 01:40:13,070 - Loaded System Directive: org.apache.velocity.runtime.directive.Include
2018-05-09 01:40:13,070 - Loaded System Directive: org.apache.velocity.runtime.directive.Foreach
2018-05-09 01:40:13,133 - Created: 20 parsers.
2018-05-09 01:40:13,149 - Velocimacro : initialization starting.
2018-05-09 01:40:13,149 - Velocimacro : adding VMs from VM library template : VM_global_library.vm
2018-05-09 01:40:13,180 - ResourceManager : unable to find resource 'VM_global_library.vm' in any resource loader.
2018-05-09 01:40:13,180 - Velocimacro : error using  VM library template VM_global_library.vm : org.apache.velocity.exception.ResourceNotFoundException: Unable to find resource 'VM_global_library.vm'
2018-05-09 01:40:13,180 - Velocimacro :  VM library template macro registration complete.
2018-05-09 01:40:13,180 - Velocimacro : allowInline = true : VMs can be defined inline in templates
2018-05-09 01:40:13,180 - Velocimacro : allowInlineToOverride = false : VMs defined inline may NOT replace previous VM definitions
2018-05-09 01:40:13,180 - Velocimacro : allowInlineLocal = false : VMs defined inline will be  global in scope if allowed.
2018-05-09 01:40:13,180 - Velocimacro : messages on  : VM system will output logging messages
2018-05-09 01:40:13,180 - Velocimacro : autoload off  : VM system will not automatically reload global library macros
2018-05-09 01:40:13,180 - Velocimacro : initialization complete.
2018-05-09 01:40:13,180 - Velocity successfully started.
2018-05-09 01:44:16,296 - SimpleLog4JLogSystem initialized using logfile 'velocity.log'
2018-05-09 01:44:16,296 - ************************************************************** 
2018-05-09 01:44:16,296 - Starting Jakarta Velocity v1.4
2018-05-09 01:44:16,296 - RuntimeInstance initializing.
2018-05-09 01:44:16,296 - Default Properties File: org\apache\velocity\runtime\defaults\velocity.properties
2018-05-09 01:44:16,296 - Trying to use logger class org.apache.velocity.runtime.log.SimpleLog4JLogSystem
2018-05-09 01:44:16,296 - Using logger class org.apache.velocity.runtime.log.SimpleLog4JLogSystem
2018-05-09 01:44:16,296 - Default ResourceManager initializing. (class org.apache.velocity.runtime.resource.ResourceManagerImpl)
2018-05-09 01:44:16,311 - Resource Loader Instantiated: org.apache.velocity.runtime.resource.loader.ClasspathResourceLoader
2018-05-09 01:44:16,311 - ClasspathResourceLoader : initialization starting.
2018-05-09 01:44:16,311 - ClasspathResourceLoader : initialization complete.
2018-05-09 01:44:16,311 - ResourceCache : initialized. (class org.apache.velocity.runtime.resource.ResourceCacheImpl)
2018-05-09 01:44:16,311 - Default ResourceManager initialization complete.
2018-05-09 01:44:16,327 - Loaded System Directive: org.apache.velocity.runtime.directive.Literal
2018-05-09 01:44:16,327 - Loaded System Directive: org.apache.velocity.runtime.directive.Macro
2018-05-09 01:44:16,327 - Loaded System Directive: org.apache.velocity.runtime.directive.Parse
2018-05-09 01:44:16,343 - Loaded System Directive: org.apache.velocity.runtime.directive.Include
2018-05-09 01:44:16,343 - Loaded System Directive: org.apache.velocity.runtime.directive.Foreach
2018-05-09 01:44:16,405 - Created: 20 parsers.
2018-05-09 01:44:16,421 - Velocimacro : initialization starting.
2018-05-09 01:44:16,421 - Velocimacro : adding VMs from VM library template : VM_global_library.vm
2018-05-09 01:44:16,452 - ResourceManager : unable to find resource 'VM_global_library.vm' in any resource loader.
2018-05-09 01:44:16,452 - Velocimacro : error using  VM library template VM_global_library.vm : org.apache.velocity.exception.ResourceNotFoundException: Unable to find resource 'VM_global_library.vm'
2018-05-09 01:44:16,452 - Velocimacro :  VM library template macro registration complete.
2018-05-09 01:44:16,452 - Velocimacro : allowInline = true : VMs can be defined inline in templates
2018-05-09 01:44:16,452 - Velocimacro : allowInlineToOverride = false : VMs defined inline may NOT replace previous VM definitions
2018-05-09 01:44:16,452 - Velocimacro : allowInlineLocal = false : VMs defined inline will be  global in scope if allowed.
2018-05-09 01:44:16,452 - Velocimacro : messages on  : VM system will output logging messages
2018-05-09 01:44:16,452 - Velocimacro : autoload off  : VM system will not automatically reload global library macros
2018-05-09 01:44:16,452 - Velocimacro : initialization complete.
2018-05-09 01:44:16,452 - Velocity successfully started.
2018-05-09 01:46:38,403 - SimpleLog4JLogSystem initialized using logfile 'velocity.log'
2018-05-09 01:46:38,403 - ************************************************************** 
2018-05-09 01:46:38,403 - Starting Jakarta Velocity v1.4
2018-05-09 01:46:38,403 - RuntimeInstance initializing.
2018-05-09 01:46:38,403 - Default Properties File: org\apache\velocity\runtime\defaults\velocity.properties
2018-05-09 01:46:38,403 - Trying to use logger class org.apache.velocity.runtime.log.SimpleLog4JLogSystem
2018-05-09 01:46:38,403 - Using logger class org.apache.velocity.runtime.log.SimpleLog4JLogSystem
2018-05-09 01:46:38,403 - Default ResourceManager initializing. (class org.apache.velocity.runtime.resource.ResourceManagerImpl)
2018-05-09 01:46:38,418 - Resource Loader Instantiated: org.apache.velocity.runtime.resource.loader.ClasspathResourceLoader
2018-05-09 01:46:38,418 - ClasspathResourceLoader : initialization starting.
2018-05-09 01:46:38,418 - ClasspathResourceLoader : initialization complete.
2018-05-09 01:46:38,418 - ResourceCache : initialized. (class org.apache.velocity.runtime.resource.ResourceCacheImpl)
2018-05-09 01:46:38,418 - Default ResourceManager initialization complete.
2018-05-09 01:46:38,418 - Loaded System Directive: org.apache.velocity.runtime.directive.Literal
2018-05-09 01:46:38,434 - Loaded System Directive: org.apache.velocity.runtime.directive.Macro
2018-05-09 01:46:38,434 - Loaded System Directive: org.apache.velocity.runtime.directive.Parse
2018-05-09 01:46:38,434 - Loaded System Directive: org.apache.velocity.runtime.directive.Include
2018-05-09 01:46:38,434 - Loaded System Directive: org.apache.velocity.runtime.directive.Foreach
2018-05-09 01:46:38,496 - Created: 20 parsers.
2018-05-09 01:46:38,512 - Velocimacro : initialization starting.
2018-05-09 01:46:38,512 - Velocimacro : adding VMs from VM library template : VM_global_library.vm
2018-05-09 01:46:38,543 - ResourceManager : unable to find resource 'VM_global_library.vm' in any resource loader.
2018-05-09 01:46:38,543 - Velocimacro : error using  VM library template VM_global_library.vm : org.apache.velocity.exception.ResourceNotFoundException: Unable to find resource 'VM_global_library.vm'
2018-05-09 01:46:38,543 - Velocimacro :  VM library template macro registration complete.
2018-05-09 01:46:38,543 - Velocimacro : allowInline = true : VMs can be defined inline in templates
2018-05-09 01:46:38,543 - Velocimacro : allowInlineToOverride = false : VMs defined inline may NOT replace previous VM definitions
2018-05-09 01:46:38,543 - Velocimacro : allowInlineLocal = false : VMs defined inline will be  global in scope if allowed.
2018-05-09 01:46:38,543 - Velocimacro : messages on  : VM system will output logging messages
2018-05-09 01:46:38,543 - Velocimacro : autoload off  : VM system will not automatically reload global library macros
2018-05-09 01:46:38,543 - Velocimacro : initialization complete.
2018-05-09 01:46:38,543 - Velocity successfully started.
2018-05-09 01:47:43,310 - SimpleLog4JLogSystem initialized using logfile 'velocity.log'
2018-05-09 01:47:43,310 - ************************************************************** 
2018-05-09 01:47:43,310 - Starting Jakarta Velocity v1.4
2018-05-09 01:47:43,310 - RuntimeInstance initializing.
2018-05-09 01:47:43,310 - Default Properties File: org\apache\velocity\runtime\defaults\velocity.properties
2018-05-09 01:47:43,310 - Trying to use logger class org.apache.velocity.runtime.log.SimpleLog4JLogSystem
2018-05-09 01:47:43,310 - Using logger class org.apache.velocity.runtime.log.SimpleLog4JLogSystem
2018-05-09 01:47:43,326 - Default ResourceManager initializing. (class org.apache.velocity.runtime.resource.ResourceManagerImpl)
2018-05-09 01:47:43,326 - Resource Loader Instantiated: org.apache.velocity.runtime.resource.loader.ClasspathResourceLoader
2018-05-09 01:47:43,326 - ClasspathResourceLoader : initialization starting.
2018-05-09 01:47:43,326 - ClasspathResourceLoader : initialization complete.
2018-05-09 01:47:43,341 - ResourceCache : initialized. (class org.apache.velocity.runtime.resource.ResourceCacheImpl)
2018-05-09 01:47:43,341 - Default ResourceManager initialization complete.
2018-05-09 01:47:43,341 - Loaded System Directive: org.apache.velocity.runtime.directive.Literal
2018-05-09 01:47:43,357 - Loaded System Directive: org.apache.velocity.runtime.directive.Macro
2018-05-09 01:47:43,357 - Loaded System Directive: org.apache.velocity.runtime.directive.Parse
2018-05-09 01:47:43,357 - Loaded System Directive: org.apache.velocity.runtime.directive.Include
2018-05-09 01:47:43,357 - Loaded System Directive: org.apache.velocity.runtime.directive.Foreach
2018-05-09 01:47:43,419 - Created: 20 parsers.
2018-05-09 01:47:43,451 - Velocimacro : initialization starting.
2018-05-09 01:47:43,451 - Velocimacro : adding VMs from VM library template : VM_global_library.vm
2018-05-09 01:47:43,482 - ResourceManager : unable to find resource 'VM_global_library.vm' in any resource loader.
2018-05-09 01:47:43,482 - Velocimacro : error using  VM library template VM_global_library.vm : org.apache.velocity.exception.ResourceNotFoundException: Unable to find resource 'VM_global_library.vm'
2018-05-09 01:47:43,482 - Velocimacro :  VM library template macro registration complete.
2018-05-09 01:47:43,482 - Velocimacro : allowInline = true : VMs can be defined inline in templates
2018-05-09 01:47:43,482 - Velocimacro : allowInlineToOverride = false : VMs defined inline may NOT replace previous VM definitions
2018-05-09 01:47:43,482 - Velocimacro : allowInlineLocal = false : VMs defined inline will be  global in scope if allowed.
2018-05-09 01:47:43,482 - Velocimacro : messages on  : VM system will output logging messages
2018-05-09 01:47:43,482 - Velocimacro : autoload off  : VM system will not automatically reload global library macros
2018-05-09 01:47:43,482 - Velocimacro : initialization complete.
2018-05-09 01:47:43,482 - Velocity successfully started.
2018-05-09 01:55:02,523 - SimpleLog4JLogSystem initialized using logfile 'velocity.log'
2018-05-09 01:55:02,523 - ************************************************************** 
2018-05-09 01:55:02,523 - Starting Jakarta Velocity v1.4
2018-05-09 01:55:02,523 - RuntimeInstance initializing.
2018-05-09 01:55:02,523 - Default Properties File: org\apache\velocity\runtime\defaults\velocity.properties
2018-05-09 01:55:02,523 - Trying to use logger class org.apache.velocity.runtime.log.SimpleLog4JLogSystem
2018-05-09 01:55:02,523 - Using logger class org.apache.velocity.runtime.log.SimpleLog4JLogSystem
2018-05-09 01:55:02,523 - Default ResourceManager initializing. (class org.apache.velocity.runtime.resource.ResourceManagerImpl)
2018-05-09 01:55:02,539 - Resource Loader Instantiated: org.apache.velocity.runtime.resource.loader.ClasspathResourceLoader
2018-05-09 01:55:02,539 - ClasspathResourceLoader : initialization starting.
2018-05-09 01:55:02,539 - ClasspathResourceLoader : initialization complete.
2018-05-09 01:55:02,539 - ResourceCache : initialized. (class org.apache.velocity.runtime.resource.ResourceCacheImpl)
2018-05-09 01:55:02,539 - Default ResourceManager initialization complete.
2018-05-09 01:55:02,554 - Loaded System Directive: org.apache.velocity.runtime.directive.Literal
2018-05-09 01:55:02,554 - Loaded System Directive: org.apache.velocity.runtime.directive.Macro
2018-05-09 01:55:02,554 - Loaded System Directive: org.apache.velocity.runtime.directive.Parse
2018-05-09 01:55:02,554 - Loaded System Directive: org.apache.velocity.runtime.directive.Include
2018-05-09 01:55:02,570 - Loaded System Directive: org.apache.velocity.runtime.directive.Foreach
2018-05-09 01:55:02,617 - Created: 20 parsers.
2018-05-09 01:55:02,632 - Velocimacro : initialization starting.
2018-05-09 01:55:02,632 - Velocimacro : adding VMs from VM library template : VM_global_library.vm
2018-05-09 01:55:02,664 - ResourceManager : unable to find resource 'VM_global_library.vm' in any resource loader.
2018-05-09 01:55:02,664 - Velocimacro : error using  VM library template VM_global_library.vm : org.apache.velocity.exception.ResourceNotFoundException: Unable to find resource 'VM_global_library.vm'
2018-05-09 01:55:02,664 - Velocimacro :  VM library template macro registration complete.
2018-05-09 01:55:02,664 - Velocimacro : allowInline = true : VMs can be defined inline in templates
2018-05-09 01:55:02,664 - Velocimacro : allowInlineToOverride = false : VMs defined inline may NOT replace previous VM definitions
2018-05-09 01:55:02,664 - Velocimacro : allowInlineLocal = false : VMs defined inline will be  global in scope if allowed.
2018-05-09 01:55:02,664 - Velocimacro : messages on  : VM system will output logging messages
2018-05-09 01:55:02,664 - Velocimacro : autoload off  : VM system will not automatically reload global library macros
2018-05-09 01:55:02,664 - Velocimacro : initialization complete.
2018-05-09 01:55:02,664 - Velocity successfully started.
2018-05-09 01:57:10,014 - SimpleLog4JLogSystem initialized using logfile 'velocity.log'
2018-05-09 01:57:10,014 - ************************************************************** 
2018-05-09 01:57:10,014 - Starting Jakarta Velocity v1.4
2018-05-09 01:57:10,014 - RuntimeInstance initializing.
2018-05-09 01:57:10,014 - Default Properties File: org\apache\velocity\runtime\defaults\velocity.properties
2018-05-09 01:57:10,014 - Trying to use logger class org.apache.velocity.runtime.log.SimpleLog4JLogSystem
2018-05-09 01:57:10,014 - Using logger class org.apache.velocity.runtime.log.SimpleLog4JLogSystem
2018-05-09 01:57:10,014 - Default ResourceManager initializing. (class org.apache.velocity.runtime.resource.ResourceManagerImpl)
2018-05-09 01:57:10,029 - Resource Loader Instantiated: org.apache.velocity.runtime.resource.loader.ClasspathResourceLoader
2018-05-09 01:57:10,029 - ClasspathResourceLoader : initialization starting.
2018-05-09 01:57:10,029 - ClasspathResourceLoader : initialization complete.
2018-05-09 01:57:10,029 - ResourceCache : initialized. (class org.apache.velocity.runtime.resource.ResourceCacheImpl)
2018-05-09 01:57:10,029 - Default ResourceManager initialization complete.
2018-05-09 01:57:10,045 - Loaded System Directive: org.apache.velocity.runtime.directive.Literal
2018-05-09 01:57:10,045 - Loaded System Directive: org.apache.velocity.runtime.directive.Macro
2018-05-09 01:57:10,045 - Loaded System Directive: org.apache.velocity.runtime.directive.Parse
2018-05-09 01:57:10,061 - Loaded System Directive: org.apache.velocity.runtime.directive.Include
2018-05-09 01:57:10,061 - Loaded System Directive: org.apache.velocity.runtime.directive.Foreach
2018-05-09 01:57:10,123 - Created: 20 parsers.
2018-05-09 01:57:10,139 - Velocimacro : initialization starting.
2018-05-09 01:57:10,139 - Velocimacro : adding VMs from VM library template : VM_global_library.vm
2018-05-09 01:57:10,170 - ResourceManager : unable to find resource 'VM_global_library.vm' in any resource loader.
2018-05-09 01:57:10,170 - Velocimacro : error using  VM library template VM_global_library.vm : org.apache.velocity.exception.ResourceNotFoundException: Unable to find resource 'VM_global_library.vm'
2018-05-09 01:57:10,170 - Velocimacro :  VM library template macro registration complete.
2018-05-09 01:57:10,170 - Velocimacro : allowInline = true : VMs can be defined inline in templates
2018-05-09 01:57:10,170 - Velocimacro : allowInlineToOverride = false : VMs defined inline may NOT replace previous VM definitions
2018-05-09 01:57:10,170 - Velocimacro : allowInlineLocal = false : VMs defined inline will be  global in scope if allowed.
2018-05-09 01:57:10,170 - Velocimacro : messages on  : VM system will output logging messages
2018-05-09 01:57:10,170 - Velocimacro : autoload off  : VM system will not automatically reload global library macros
2018-05-09 01:57:10,170 - Velocimacro : initialization complete.
2018-05-09 01:57:10,170 - Velocity successfully started.
2018-05-09 01:58:38,166 - SimpleLog4JLogSystem initialized using logfile 'velocity.log'
2018-05-09 01:58:38,166 - ************************************************************** 
2018-05-09 01:58:38,166 - Starting Jakarta Velocity v1.4
2018-05-09 01:58:38,166 - RuntimeInstance initializing.
2018-05-09 01:58:38,166 - Default Properties File: org\apache\velocity\runtime\defaults\velocity.properties
2018-05-09 01:58:38,166 - Trying to use logger class org.apache.velocity.runtime.log.SimpleLog4JLogSystem
2018-05-09 01:58:38,166 - Using logger class org.apache.velocity.runtime.log.SimpleLog4JLogSystem
2018-05-09 01:58:38,182 - Default ResourceManager initializing. (class org.apache.velocity.runtime.resource.ResourceManagerImpl)
2018-05-09 01:58:38,182 - Resource Loader Instantiated: org.apache.velocity.runtime.resource.loader.ClasspathResourceLoader
2018-05-09 01:58:38,182 - ClasspathResourceLoader : initialization starting.
2018-05-09 01:58:38,182 - ClasspathResourceLoader : initialization complete.
2018-05-09 01:58:38,197 - ResourceCache : initialized. (class org.apache.velocity.runtime.resource.ResourceCacheImpl)
2018-05-09 01:58:38,197 - Default ResourceManager initialization complete.
2018-05-09 01:58:38,197 - Loaded System Directive: org.apache.velocity.runtime.directive.Literal
2018-05-09 01:58:38,197 - Loaded System Directive: org.apache.velocity.runtime.directive.Macro
2018-05-09 01:58:38,213 - Loaded System Directive: org.apache.velocity.runtime.directive.Parse
2018-05-09 01:58:38,213 - Loaded System Directive: org.apache.velocity.runtime.directive.Include
2018-05-09 01:58:38,213 - Loaded System Directive: org.apache.velocity.runtime.directive.Foreach
2018-05-09 01:58:38,275 - Created: 20 parsers.
2018-05-09 01:58:38,291 - Velocimacro : initialization starting.
2018-05-09 01:58:38,291 - Velocimacro : adding VMs from VM library template : VM_global_library.vm
2018-05-09 01:58:38,322 - ResourceManager : unable to find resource 'VM_global_library.vm' in any resource loader.
2018-05-09 01:58:38,322 - Velocimacro : error using  VM library template VM_global_library.vm : org.apache.velocity.exception.ResourceNotFoundException: Unable to find resource 'VM_global_library.vm'
2018-05-09 01:58:38,322 - Velocimacro :  VM library template macro registration complete.
2018-05-09 01:58:38,322 - Velocimacro : allowInline = true : VMs can be defined inline in templates
2018-05-09 01:58:38,322 - Velocimacro : allowInlineToOverride = false : VMs defined inline may NOT replace previous VM definitions
2018-05-09 01:58:38,322 - Velocimacro : allowInlineLocal = false : VMs defined inline will be  global in scope if allowed.
2018-05-09 01:58:38,322 - Velocimacro : messages on  : VM system will output logging messages
2018-05-09 01:58:38,322 - Velocimacro : autoload off  : VM system will not automatically reload global library macros
2018-05-09 01:58:38,322 - Velocimacro : initialization complete.
2018-05-09 01:58:38,322 - Velocity successfully started.
2018-05-09 02:01:01,113 - SimpleLog4JLogSystem initialized using logfile 'velocity.log'
2018-05-09 02:01:01,113 - ************************************************************** 
2018-05-09 02:01:01,113 - Starting Jakarta Velocity v1.4
2018-05-09 02:01:01,113 - RuntimeInstance initializing.
2018-05-09 02:01:01,113 - Default Properties File: org\apache\velocity\runtime\defaults\velocity.properties
2018-05-09 02:01:01,113 - Trying to use logger class org.apache.velocity.runtime.log.SimpleLog4JLogSystem
2018-05-09 02:01:01,113 - Using logger class org.apache.velocity.runtime.log.SimpleLog4JLogSystem
2018-05-09 02:01:01,113 - Default ResourceManager initializing. (class org.apache.velocity.runtime.resource.ResourceManagerImpl)
2018-05-09 02:01:01,129 - Resource Loader Instantiated: org.apache.velocity.runtime.resource.loader.ClasspathResourceLoader
2018-05-09 02:01:01,129 - ClasspathResourceLoader : initialization starting.
2018-05-09 02:01:01,129 - ClasspathResourceLoader : initialization complete.
2018-05-09 02:01:01,129 - ResourceCache : initialized. (class org.apache.velocity.runtime.resource.ResourceCacheImpl)
2018-05-09 02:01:01,129 - Default ResourceManager initialization complete.
2018-05-09 02:01:01,129 - Loaded System Directive: org.apache.velocity.runtime.directive.Literal
2018-05-09 02:01:01,145 - Loaded System Directive: org.apache.velocity.runtime.directive.Macro
2018-05-09 02:01:01,145 - Loaded System Directive: org.apache.velocity.runtime.directive.Parse
2018-05-09 02:01:01,145 - Loaded System Directive: org.apache.velocity.runtime.directive.Include
2018-05-09 02:01:01,160 - Loaded System Directive: org.apache.velocity.runtime.directive.Foreach
2018-05-09 02:01:01,212 - Created: 20 parsers.
2018-05-09 02:01:01,227 - Velocimacro : initialization starting.
2018-05-09 02:01:01,227 - Velocimacro : adding VMs from VM library template : VM_global_library.vm
2018-05-09 02:01:01,259 - ResourceManager : unable to find resource 'VM_global_library.vm' in any resource loader.
2018-05-09 02:01:01,259 - Velocimacro : error using  VM library template VM_global_library.vm : org.apache.velocity.exception.ResourceNotFoundException: Unable to find resource 'VM_global_library.vm'
2018-05-09 02:01:01,259 - Velocimacro :  VM library template macro registration complete.
2018-05-09 02:01:01,259 - Velocimacro : allowInline = true : VMs can be defined inline in templates
2018-05-09 02:01:01,259 - Velocimacro : allowInlineToOverride = false : VMs defined inline may NOT replace previous VM definitions
2018-05-09 02:01:01,259 - Velocimacro : allowInlineLocal = false : VMs defined inline will be  global in scope if allowed.
2018-05-09 02:01:01,259 - Velocimacro : messages on  : VM system will output logging messages
2018-05-09 02:01:01,259 - Velocimacro : autoload off  : VM system will not automatically reload global library macros
2018-05-09 02:01:01,259 - Velocimacro : initialization complete.
2018-05-09 02:01:01,259 - Velocity successfully started.
2018-05-09 02:05:08,333 - SimpleLog4JLogSystem initialized using logfile 'velocity.log'
2018-05-09 02:05:08,333 - ************************************************************** 
2018-05-09 02:05:08,333 - Starting Jakarta Velocity v1.4
2018-05-09 02:05:08,333 - RuntimeInstance initializing.
2018-05-09 02:05:08,333 - Default Properties File: org\apache\velocity\runtime\defaults\velocity.properties
2018-05-09 02:05:08,333 - Trying to use logger class org.apache.velocity.runtime.log.SimpleLog4JLogSystem
2018-05-09 02:05:08,333 - Using logger class org.apache.velocity.runtime.log.SimpleLog4JLogSystem
2018-05-09 02:05:08,333 - Default ResourceManager initializing. (class org.apache.velocity.runtime.resource.ResourceManagerImpl)
2018-05-09 02:05:08,333 - Resource Loader Instantiated: org.apache.velocity.runtime.resource.loader.ClasspathResourceLoader
2018-05-09 02:05:08,349 - ClasspathResourceLoader : initialization starting.
2018-05-09 02:05:08,349 - ClasspathResourceLoader : initialization complete.
2018-05-09 02:05:08,349 - ResourceCache : initialized. (class org.apache.velocity.runtime.resource.ResourceCacheImpl)
2018-05-09 02:05:08,349 - Default ResourceManager initialization complete.
2018-05-09 02:05:08,349 - Loaded System Directive: org.apache.velocity.runtime.directive.Literal
2018-05-09 02:05:08,349 - Loaded System Directive: org.apache.velocity.runtime.directive.Macro
2018-05-09 02:05:08,364 - Loaded System Directive: org.apache.velocity.runtime.directive.Parse
2018-05-09 02:05:08,364 - Loaded System Directive: org.apache.velocity.runtime.directive.Include
2018-05-09 02:05:08,364 - Loaded System Directive: org.apache.velocity.runtime.directive.Foreach
2018-05-09 02:05:08,427 - Created: 20 parsers.
2018-05-09 02:05:08,442 - Velocimacro : initialization starting.
2018-05-09 02:05:08,442 - Velocimacro : adding VMs from VM library template : VM_global_library.vm
2018-05-09 02:05:08,474 - ResourceManager : unable to find resource 'VM_global_library.vm' in any resource loader.
2018-05-09 02:05:08,474 - Velocimacro : error using  VM library template VM_global_library.vm : org.apache.velocity.exception.ResourceNotFoundException: Unable to find resource 'VM_global_library.vm'
2018-05-09 02:05:08,474 - Velocimacro :  VM library template macro registration complete.
2018-05-09 02:05:08,474 - Velocimacro : allowInline = true : VMs can be defined inline in templates
2018-05-09 02:05:08,474 - Velocimacro : allowInlineToOverride = false : VMs defined inline may NOT replace previous VM definitions
2018-05-09 02:05:08,474 - Velocimacro : allowInlineLocal = false : VMs defined inline will be  global in scope if allowed.
2018-05-09 02:05:08,474 - Velocimacro : messages on  : VM system will output logging messages
2018-05-09 02:05:08,474 - Velocimacro : autoload off  : VM system will not automatically reload global library macros
2018-05-09 02:05:08,474 - Velocimacro : initialization complete.
2018-05-09 02:05:08,474 - Velocity successfully started.
2018-05-09 02:08:45,006 - SimpleLog4JLogSystem initialized using logfile 'velocity.log'
2018-05-09 02:08:45,006 - ************************************************************** 
2018-05-09 02:08:45,006 - Starting Jakarta Velocity v1.4
2018-05-09 02:08:45,006 - RuntimeInstance initializing.
2018-05-09 02:08:45,006 - Default Properties File: org\apache\velocity\runtime\defaults\velocity.properties
2018-05-09 02:08:45,006 - Trying to use logger class org.apache.velocity.runtime.log.SimpleLog4JLogSystem
2018-05-09 02:08:45,006 - Using logger class org.apache.velocity.runtime.log.SimpleLog4JLogSystem
2018-05-09 02:08:45,006 - Default ResourceManager initializing. (class org.apache.velocity.runtime.resource.ResourceManagerImpl)
2018-05-09 02:08:45,021 - Resource Loader Instantiated: org.apache.velocity.runtime.resource.loader.ClasspathResourceLoader
2018-05-09 02:08:45,021 - ClasspathResourceLoader : initialization starting.
2018-05-09 02:08:45,021 - ClasspathResourceLoader : initialization complete.
2018-05-09 02:08:45,021 - ResourceCache : initialized. (class org.apache.velocity.runtime.resource.ResourceCacheImpl)
2018-05-09 02:08:45,021 - Default ResourceManager initialization complete.
2018-05-09 02:08:45,037 - Loaded System Directive: org.apache.velocity.runtime.directive.Literal
2018-05-09 02:08:45,037 - Loaded System Directive: org.apache.velocity.runtime.directive.Macro
2018-05-09 02:08:45,037 - Loaded System Directive: org.apache.velocity.runtime.directive.Parse
2018-05-09 02:08:45,053 - Loaded System Directive: org.apache.velocity.runtime.directive.Include
2018-05-09 02:08:45,053 - Loaded System Directive: org.apache.velocity.runtime.directive.Foreach
2018-05-09 02:08:45,115 - Created: 20 parsers.
2018-05-09 02:08:45,131 - Velocimacro : initialization starting.
2018-05-09 02:08:45,131 - Velocimacro : adding VMs from VM library template : VM_global_library.vm
2018-05-09 02:08:45,162 - ResourceManager : unable to find resource 'VM_global_library.vm' in any resource loader.
2018-05-09 02:08:45,162 - Velocimacro : error using  VM library template VM_global_library.vm : org.apache.velocity.exception.ResourceNotFoundException: Unable to find resource 'VM_global_library.vm'
2018-05-09 02:08:45,162 - Velocimacro :  VM library template macro registration complete.
2018-05-09 02:08:45,162 - Velocimacro : allowInline = true : VMs can be defined inline in templates
2018-05-09 02:08:45,162 - Velocimacro : allowInlineToOverride = false : VMs defined inline may NOT replace previous VM definitions
2018-05-09 02:08:45,162 - Velocimacro : allowInlineLocal = false : VMs defined inline will be  global in scope if allowed.
2018-05-09 02:08:45,162 - Velocimacro : messages on  : VM system will output logging messages
2018-05-09 02:08:45,162 - Velocimacro : autoload off  : VM system will not automatically reload global library macros
2018-05-09 02:08:45,162 - Velocimacro : initialization complete.
2018-05-09 02:08:45,162 - Velocity successfully started.
2018-05-09 02:13:43,356 - SimpleLog4JLogSystem initialized using logfile 'velocity.log'
2018-05-09 02:13:43,371 - ************************************************************** 
2018-05-09 02:13:43,371 - Starting Jakarta Velocity v1.4
2018-05-09 02:13:43,371 - RuntimeInstance initializing.
2018-05-09 02:13:43,371 - Default Properties File: org\apache\velocity\runtime\defaults\velocity.properties
2018-05-09 02:13:43,371 - Trying to use logger class org.apache.velocity.runtime.log.SimpleLog4JLogSystem
2018-05-09 02:13:43,371 - Using logger class org.apache.velocity.runtime.log.SimpleLog4JLogSystem
2018-05-09 02:13:43,371 - Default ResourceManager initializing. (class org.apache.velocity.runtime.resource.ResourceManagerImpl)
2018-05-09 02:13:43,371 - Resource Loader Instantiated: org.apache.velocity.runtime.resource.loader.ClasspathResourceLoader
2018-05-09 02:13:43,371 - ClasspathResourceLoader : initialization starting.
2018-05-09 02:13:43,371 - ClasspathResourceLoader : initialization complete.
2018-05-09 02:13:43,387 - ResourceCache : initialized. (class org.apache.velocity.runtime.resource.ResourceCacheImpl)
2018-05-09 02:13:43,387 - Default ResourceManager initialization complete.
2018-05-09 02:13:43,387 - Loaded System Directive: org.apache.velocity.runtime.directive.Literal
2018-05-09 02:13:43,387 - Loaded System Directive: org.apache.velocity.runtime.directive.Macro
2018-05-09 02:13:43,403 - Loaded System Directive: org.apache.velocity.runtime.directive.Parse
2018-05-09 02:13:43,403 - Loaded System Directive: org.apache.velocity.runtime.directive.Include
2018-05-09 02:13:43,403 - Loaded System Directive: org.apache.velocity.runtime.directive.Foreach
2018-05-09 02:13:43,465 - Created: 20 parsers.
2018-05-09 02:13:43,481 - Velocimacro : initialization starting.
2018-05-09 02:13:43,481 - Velocimacro : adding VMs from VM library template : VM_global_library.vm
2018-05-09 02:13:43,496 - ResourceManager : unable to find resource 'VM_global_library.vm' in any resource loader.
2018-05-09 02:13:43,496 - Velocimacro : error using  VM library template VM_global_library.vm : org.apache.velocity.exception.ResourceNotFoundException: Unable to find resource 'VM_global_library.vm'
2018-05-09 02:13:43,496 - Velocimacro :  VM library template macro registration complete.
2018-05-09 02:13:43,496 - Velocimacro : allowInline = true : VMs can be defined inline in templates
2018-05-09 02:13:43,496 - Velocimacro : allowInlineToOverride = false : VMs defined inline may NOT replace previous VM definitions
2018-05-09 02:13:43,496 - Velocimacro : allowInlineLocal = false : VMs defined inline will be  global in scope if allowed.
2018-05-09 02:13:43,512 - Velocimacro : messages on  : VM system will output logging messages
2018-05-09 02:13:43,512 - Velocimacro : autoload off  : VM system will not automatically reload global library macros
2018-05-09 02:13:43,512 - Velocimacro : initialization complete.
2018-05-09 02:13:43,512 - Velocity successfully started.
2018-05-09 02:16:15,658 - SimpleLog4JLogSystem initialized using logfile 'velocity.log'
2018-05-09 02:16:15,658 - ************************************************************** 
2018-05-09 02:16:15,658 - Starting Jakarta Velocity v1.4
2018-05-09 02:16:15,658 - RuntimeInstance initializing.
2018-05-09 02:16:15,658 - Default Properties File: org\apache\velocity\runtime\defaults\velocity.properties
2018-05-09 02:16:15,658 - Trying to use logger class org.apache.velocity.runtime.log.SimpleLog4JLogSystem
2018-05-09 02:16:15,658 - Using logger class org.apache.velocity.runtime.log.SimpleLog4JLogSystem
2018-05-09 02:16:15,674 - Default ResourceManager initializing. (class org.apache.velocity.runtime.resource.ResourceManagerImpl)
2018-05-09 02:16:15,674 - Resource Loader Instantiated: org.apache.velocity.runtime.resource.loader.ClasspathResourceLoader
2018-05-09 02:16:15,674 - ClasspathResourceLoader : initialization starting.
2018-05-09 02:16:15,674 - ClasspathResourceLoader : initialization complete.
2018-05-09 02:16:15,690 - ResourceCache : initialized. (class org.apache.velocity.runtime.resource.ResourceCacheImpl)
2018-05-09 02:16:15,690 - Default ResourceManager initialization complete.
2018-05-09 02:16:15,705 - Loaded System Directive: org.apache.velocity.runtime.directive.Literal
2018-05-09 02:16:15,705 - Loaded System Directive: org.apache.velocity.runtime.directive.Macro
2018-05-09 02:16:15,705 - Loaded System Directive: org.apache.velocity.runtime.directive.Parse
2018-05-09 02:16:15,721 - Loaded System Directive: org.apache.velocity.runtime.directive.Include
2018-05-09 02:16:15,721 - Loaded System Directive: org.apache.velocity.runtime.directive.Foreach
2018-05-09 02:16:15,768 - Created: 20 parsers.
2018-05-09 02:16:15,799 - Velocimacro : initialization starting.
2018-05-09 02:16:15,799 - Velocimacro : adding VMs from VM library template : VM_global_library.vm
2018-05-09 02:16:15,815 - ResourceManager : unable to find resource 'VM_global_library.vm' in any resource loader.
2018-05-09 02:16:15,815 - Velocimacro : error using  VM library template VM_global_library.vm : org.apache.velocity.exception.ResourceNotFoundException: Unable to find resource 'VM_global_library.vm'
2018-05-09 02:16:15,815 - Velocimacro :  VM library template macro registration complete.
2018-05-09 02:16:15,815 - Velocimacro : allowInline = true : VMs can be defined inline in templates
2018-05-09 02:16:15,815 - Velocimacro : allowInlineToOverride = false : VMs defined inline may NOT replace previous VM definitions
2018-05-09 02:16:15,815 - Velocimacro : allowInlineLocal = false : VMs defined inline will be  global in scope if allowed.
2018-05-09 02:16:15,815 - Velocimacro : messages on  : VM system will output logging messages
2018-05-09 02:16:15,815 - Velocimacro : autoload off  : VM system will not automatically reload global library macros
2018-05-09 02:16:15,815 - Velocimacro : initialization complete.
2018-05-09 02:16:15,815 - Velocity successfully started.
2018-05-09 02:22:42,536 - SimpleLog4JLogSystem initialized using logfile 'velocity.log'
2018-05-09 02:22:42,536 - ************************************************************** 
2018-05-09 02:22:42,536 - Starting Jakarta Velocity v1.4
2018-05-09 02:22:42,536 - RuntimeInstance initializing.
2018-05-09 02:22:42,536 - Default Properties File: org\apache\velocity\runtime\defaults\velocity.properties
2018-05-09 02:22:42,536 - Trying to use logger class org.apache.velocity.runtime.log.SimpleLog4JLogSystem
2018-05-09 02:22:42,536 - Using logger class org.apache.velocity.runtime.log.SimpleLog4JLogSystem
2018-05-09 02:22:42,552 - Default ResourceManager initializing. (class org.apache.velocity.runtime.resource.ResourceManagerImpl)
2018-05-09 02:22:42,552 - Resource Loader Instantiated: org.apache.velocity.runtime.resource.loader.ClasspathResourceLoader
2018-05-09 02:22:42,552 - ClasspathResourceLoader : initialization starting.
2018-05-09 02:22:42,552 - ClasspathResourceLoader : initialization complete.
2018-05-09 02:22:42,552 - ResourceCache : initialized. (class org.apache.velocity.runtime.resource.ResourceCacheImpl)
2018-05-09 02:22:42,552 - Default ResourceManager initialization complete.
2018-05-09 02:22:42,567 - Loaded System Directive: org.apache.velocity.runtime.directive.Literal
2018-05-09 02:22:42,567 - Loaded System Directive: org.apache.velocity.runtime.directive.Macro
2018-05-09 02:22:42,583 - Loaded System Directive: org.apache.velocity.runtime.directive.Parse
2018-05-09 02:22:42,583 - Loaded System Directive: org.apache.velocity.runtime.directive.Include
2018-05-09 02:22:42,583 - Loaded System Directive: org.apache.velocity.runtime.directive.Foreach
2018-05-09 02:22:42,645 - Created: 20 parsers.
2018-05-09 02:22:42,677 - Velocimacro : initialization starting.
2018-05-09 02:22:42,677 - Velocimacro : adding VMs from VM library template : VM_global_library.vm
2018-05-09 02:22:42,708 - ResourceManager : unable to find resource 'VM_global_library.vm' in any resource loader.
2018-05-09 02:22:42,708 - Velocimacro : error using  VM library template VM_global_library.vm : org.apache.velocity.exception.ResourceNotFoundException: Unable to find resource 'VM_global_library.vm'
2018-05-09 02:22:42,708 - Velocimacro :  VM library template macro registration complete.
2018-05-09 02:22:42,708 - Velocimacro : allowInline = true : VMs can be defined inline in templates
2018-05-09 02:22:42,708 - Velocimacro : allowInlineToOverride = false : VMs defined inline may NOT replace previous VM definitions
2018-05-09 02:22:42,708 - Velocimacro : allowInlineLocal = false : VMs defined inline will be  global in scope if allowed.
2018-05-09 02:22:42,708 - Velocimacro : messages on  : VM system will output logging messages
2018-05-09 02:22:42,708 - Velocimacro : autoload off  : VM system will not automatically reload global library macros
2018-05-09 02:22:42,708 - Velocimacro : initialization complete.
2018-05-09 02:22:42,708 - Velocity successfully started.
2018-05-09 02:24:26,326 - SimpleLog4JLogSystem initialized using logfile 'velocity.log'
2018-05-09 02:24:26,326 - ************************************************************** 
2018-05-09 02:24:26,326 - Starting Jakarta Velocity v1.4
2018-05-09 02:24:26,326 - RuntimeInstance initializing.
2018-05-09 02:24:26,326 - Default Properties File: org\apache\velocity\runtime\defaults\velocity.properties
2018-05-09 02:24:26,326 - Trying to use logger class org.apache.velocity.runtime.log.SimpleLog4JLogSystem
2018-05-09 02:24:26,326 - Using logger class org.apache.velocity.runtime.log.SimpleLog4JLogSystem
2018-05-09 02:24:26,326 - Default ResourceManager initializing. (class org.apache.velocity.runtime.resource.ResourceManagerImpl)
2018-05-09 02:24:26,342 - Resource Loader Instantiated: org.apache.velocity.runtime.resource.loader.ClasspathResourceLoader
2018-05-09 02:24:26,342 - ClasspathResourceLoader : initialization starting.
2018-05-09 02:24:26,342 - ClasspathResourceLoader : initialization complete.
2018-05-09 02:24:26,342 - ResourceCache : initialized. (class org.apache.velocity.runtime.resource.ResourceCacheImpl)
2018-05-09 02:24:26,342 - Default ResourceManager initialization complete.
2018-05-09 02:24:26,342 - Loaded System Directive: org.apache.velocity.runtime.directive.Literal
2018-05-09 02:24:26,357 - Loaded System Directive: org.apache.velocity.runtime.directive.Macro
2018-05-09 02:24:26,357 - Loaded System Directive: org.apache.velocity.runtime.directive.Parse
2018-05-09 02:24:26,357 - Loaded System Directive: org.apache.velocity.runtime.directive.Include
2018-05-09 02:24:26,373 - Loaded System Directive: org.apache.velocity.runtime.directive.Foreach
2018-05-09 02:24:26,420 - Created: 20 parsers.
2018-05-09 02:24:26,435 - Velocimacro : initialization starting.
2018-05-09 02:24:26,435 - Velocimacro : adding VMs from VM library template : VM_global_library.vm
2018-05-09 02:24:26,467 - ResourceManager : unable to find resource 'VM_global_library.vm' in any resource loader.
2018-05-09 02:24:26,467 - Velocimacro : error using  VM library template VM_global_library.vm : org.apache.velocity.exception.ResourceNotFoundException: Unable to find resource 'VM_global_library.vm'
2018-05-09 02:24:26,467 - Velocimacro :  VM library template macro registration complete.
2018-05-09 02:24:26,467 - Velocimacro : allowInline = true : VMs can be defined inline in templates
2018-05-09 02:24:26,467 - Velocimacro : allowInlineToOverride = false : VMs defined inline may NOT replace previous VM definitions
2018-05-09 02:24:26,467 - Velocimacro : allowInlineLocal = false : VMs defined inline will be  global in scope if allowed.
2018-05-09 02:24:26,467 - Velocimacro : messages on  : VM system will output logging messages
2018-05-09 02:24:26,467 - Velocimacro : autoload off  : VM system will not automatically reload global library macros
2018-05-09 02:24:26,467 - Velocimacro : initialization complete.
2018-05-09 02:24:26,467 - Velocity successfully started.
2018-05-09 02:26:48,502 - SimpleLog4JLogSystem initialized using logfile 'velocity.log'
2018-05-09 02:26:48,503 - ************************************************************** 
2018-05-09 02:26:48,503 - Starting Jakarta Velocity v1.4
2018-05-09 02:26:48,503 - RuntimeInstance initializing.
2018-05-09 02:26:48,503 - Default Properties File: org\apache\velocity\runtime\defaults\velocity.properties
2018-05-09 02:26:48,504 - Trying to use logger class org.apache.velocity.runtime.log.SimpleLog4JLogSystem
2018-05-09 02:26:48,504 - Using logger class org.apache.velocity.runtime.log.SimpleLog4JLogSystem
2018-05-09 02:26:48,510 - Default ResourceManager initializing. (class org.apache.velocity.runtime.resource.ResourceManagerImpl)
2018-05-09 02:26:48,513 - Resource Loader Instantiated: org.apache.velocity.runtime.resource.loader.ClasspathResourceLoader
2018-05-09 02:26:48,513 - ClasspathResourceLoader : initialization starting.
2018-05-09 02:26:48,513 - ClasspathResourceLoader : initialization complete.
2018-05-09 02:26:48,513 - ResourceCache : initialized. (class org.apache.velocity.runtime.resource.ResourceCacheImpl)
2018-05-09 02:26:48,513 - Default ResourceManager initialization complete.
2018-05-09 02:26:48,513 - Loaded System Directive: org.apache.velocity.runtime.directive.Literal
2018-05-09 02:26:48,529 - Loaded System Directive: org.apache.velocity.runtime.directive.Macro
2018-05-09 02:26:48,529 - Loaded System Directive: org.apache.velocity.runtime.directive.Parse
2018-05-09 02:26:48,529 - Loaded System Directive: org.apache.velocity.runtime.directive.Include
2018-05-09 02:26:48,545 - Loaded System Directive: org.apache.velocity.runtime.directive.Foreach
2018-05-09 02:26:48,607 - Created: 20 parsers.
2018-05-09 02:26:48,623 - Velocimacro : initialization starting.
2018-05-09 02:26:48,623 - Velocimacro : adding VMs from VM library template : VM_global_library.vm
2018-05-09 02:26:48,638 - ResourceManager : unable to find resource 'VM_global_library.vm' in any resource loader.
2018-05-09 02:26:48,638 - Velocimacro : error using  VM library template VM_global_library.vm : org.apache.velocity.exception.ResourceNotFoundException: Unable to find resource 'VM_global_library.vm'
2018-05-09 02:26:48,638 - Velocimacro :  VM library template macro registration complete.
2018-05-09 02:26:48,654 - Velocimacro : allowInline = true : VMs can be defined inline in templates
2018-05-09 02:26:48,654 - Velocimacro : allowInlineToOverride = false : VMs defined inline may NOT replace previous VM definitions
2018-05-09 02:26:48,654 - Velocimacro : allowInlineLocal = false : VMs defined inline will be  global in scope if allowed.
2018-05-09 02:26:48,654 - Velocimacro : messages on  : VM system will output logging messages
2018-05-09 02:26:48,654 - Velocimacro : autoload off  : VM system will not automatically reload global library macros
2018-05-09 02:26:48,654 - Velocimacro : initialization complete.
2018-05-09 02:26:48,654 - Velocity successfully started.
2018-05-09 02:30:37,549 - SimpleLog4JLogSystem initialized using logfile 'velocity.log'
2018-05-09 02:30:37,549 - ************************************************************** 
2018-05-09 02:30:37,549 - Starting Jakarta Velocity v1.4
2018-05-09 02:30:37,549 - RuntimeInstance initializing.
2018-05-09 02:30:37,549 - Default Properties File: org\apache\velocity\runtime\defaults\velocity.properties
2018-05-09 02:30:37,549 - Trying to use logger class org.apache.velocity.runtime.log.SimpleLog4JLogSystem
2018-05-09 02:30:37,549 - Using logger class org.apache.velocity.runtime.log.SimpleLog4JLogSystem
2018-05-09 02:30:37,564 - Default ResourceManager initializing. (class org.apache.velocity.runtime.resource.ResourceManagerImpl)
2018-05-09 02:30:37,564 - Resource Loader Instantiated: org.apache.velocity.runtime.resource.loader.ClasspathResourceLoader
2018-05-09 02:30:37,564 - ClasspathResourceLoader : initialization starting.
2018-05-09 02:30:37,564 - ClasspathResourceLoader : initialization complete.
2018-05-09 02:30:37,564 - ResourceCache : initialized. (class org.apache.velocity.runtime.resource.ResourceCacheImpl)
2018-05-09 02:30:37,564 - Default ResourceManager initialization complete.
2018-05-09 02:30:37,580 - Loaded System Directive: org.apache.velocity.runtime.directive.Literal
2018-05-09 02:30:37,580 - Loaded System Directive: org.apache.velocity.runtime.directive.Macro
2018-05-09 02:30:37,595 - Loaded System Directive: org.apache.velocity.runtime.directive.Parse
2018-05-09 02:30:37,595 - Loaded System Directive: org.apache.velocity.runtime.directive.Include
2018-05-09 02:30:37,595 - Loaded System Directive: org.apache.velocity.runtime.directive.Foreach
2018-05-09 02:30:37,642 - Created: 20 parsers.
2018-05-09 02:30:37,674 - Velocimacro : initialization starting.
2018-05-09 02:30:37,674 - Velocimacro : adding VMs from VM library template : VM_global_library.vm
2018-05-09 02:30:37,689 - ResourceManager : unable to find resource 'VM_global_library.vm' in any resource loader.
2018-05-09 02:30:37,689 - Velocimacro : error using  VM library template VM_global_library.vm : org.apache.velocity.exception.ResourceNotFoundException: Unable to find resource 'VM_global_library.vm'
2018-05-09 02:30:37,689 - Velocimacro :  VM library template macro registration complete.
2018-05-09 02:30:37,689 - Velocimacro : allowInline = true : VMs can be defined inline in templates
2018-05-09 02:30:37,689 - Velocimacro : allowInlineToOverride = false : VMs defined inline may NOT replace previous VM definitions
2018-05-09 02:30:37,689 - Velocimacro : allowInlineLocal = false : VMs defined inline will be  global in scope if allowed.
2018-05-09 02:30:37,689 - Velocimacro : messages on  : VM system will output logging messages
2018-05-09 02:30:37,689 - Velocimacro : autoload off  : VM system will not automatically reload global library macros
2018-05-09 02:30:37,689 - Velocimacro : initialization complete.
2018-05-09 02:30:37,689 - Velocity successfully started.
2018-05-09 02:31:40,038 - ResourceManager : found repast/simphony/scenario/Scenario.vt with loader org.apache.velocity.runtime.resource.loader.ClasspathResourceLoader
2018-05-09 02:33:36,549 - SimpleLog4JLogSystem initialized using logfile 'velocity.log'
2018-05-09 02:33:36,549 - ************************************************************** 
2018-05-09 02:33:36,549 - Starting Jakarta Velocity v1.4
2018-05-09 02:33:36,549 - RuntimeInstance initializing.
2018-05-09 02:33:36,549 - Default Properties File: org\apache\velocity\runtime\defaults\velocity.properties
2018-05-09 02:33:36,549 - Trying to use logger class org.apache.velocity.runtime.log.SimpleLog4JLogSystem
2018-05-09 02:33:36,549 - Using logger class org.apache.velocity.runtime.log.SimpleLog4JLogSystem
2018-05-09 02:33:36,565 - Default ResourceManager initializing. (class org.apache.velocity.runtime.resource.ResourceManagerImpl)
2018-05-09 02:33:36,565 - Resource Loader Instantiated: org.apache.velocity.runtime.resource.loader.ClasspathResourceLoader
2018-05-09 02:33:36,565 - ClasspathResourceLoader : initialization starting.
2018-05-09 02:33:36,565 - ClasspathResourceLoader : initialization complete.
2018-05-09 02:33:36,580 - ResourceCache : initialized. (class org.apache.velocity.runtime.resource.ResourceCacheImpl)
2018-05-09 02:33:36,580 - Default ResourceManager initialization complete.
2018-05-09 02:33:36,580 - Loaded System Directive: org.apache.velocity.runtime.directive.Literal
2018-05-09 02:33:36,580 - Loaded System Directive: org.apache.velocity.runtime.directive.Macro
2018-05-09 02:33:36,596 - Loaded System Directive: org.apache.velocity.runtime.directive.Parse
2018-05-09 02:33:36,596 - Loaded System Directive: org.apache.velocity.runtime.directive.Include
2018-05-09 02:33:36,596 - Loaded System Directive: org.apache.velocity.runtime.directive.Foreach
2018-05-09 02:33:36,643 - Created: 20 parsers.
2018-05-09 02:33:36,674 - Velocimacro : initialization starting.
2018-05-09 02:33:36,674 - Velocimacro : adding VMs from VM library template : VM_global_library.vm
2018-05-09 02:33:36,690 - ResourceManager : unable to find resource 'VM_global_library.vm' in any resource loader.
2018-05-09 02:33:36,690 - Velocimacro : error using  VM library template VM_global_library.vm : org.apache.velocity.exception.ResourceNotFoundException: Unable to find resource 'VM_global_library.vm'
2018-05-09 02:33:36,690 - Velocimacro :  VM library template macro registration complete.
2018-05-09 02:33:36,690 - Velocimacro : allowInline = true : VMs can be defined inline in templates
2018-05-09 02:33:36,690 - Velocimacro : allowInlineToOverride = false : VMs defined inline may NOT replace previous VM definitions
2018-05-09 02:33:36,690 - Velocimacro : allowInlineLocal = false : VMs defined inline will be  global in scope if allowed.
2018-05-09 02:33:36,690 - Velocimacro : messages on  : VM system will output logging messages
2018-05-09 02:33:36,690 - Velocimacro : autoload off  : VM system will not automatically reload global library macros
2018-05-09 02:33:36,690 - Velocimacro : initialization complete.
2018-05-09 02:33:36,690 - Velocity successfully started.
2018-05-09 02:33:59,197 - SimpleLog4JLogSystem initialized using logfile 'velocity.log'
2018-05-09 02:33:59,197 - ************************************************************** 
2018-05-09 02:33:59,197 - Starting Jakarta Velocity v1.4
2018-05-09 02:33:59,197 - RuntimeInstance initializing.
2018-05-09 02:33:59,197 - Default Properties File: org\apache\velocity\runtime\defaults\velocity.properties
2018-05-09 02:33:59,197 - Trying to use logger class org.apache.velocity.runtime.log.SimpleLog4JLogSystem
2018-05-09 02:33:59,197 - Using logger class org.apache.velocity.runtime.log.SimpleLog4JLogSystem
2018-05-09 02:33:59,197 - Default ResourceManager initializing. (class org.apache.velocity.runtime.resource.ResourceManagerImpl)
2018-05-09 02:33:59,213 - Resource Loader Instantiated: org.apache.velocity.runtime.resource.loader.ClasspathResourceLoader
2018-05-09 02:33:59,213 - ClasspathResourceLoader : initialization starting.
2018-05-09 02:33:59,213 - ClasspathResourceLoader : initialization complete.
2018-05-09 02:33:59,213 - ResourceCache : initialized. (class org.apache.velocity.runtime.resource.ResourceCacheImpl)
2018-05-09 02:33:59,213 - Default ResourceManager initialization complete.
2018-05-09 02:33:59,229 - Loaded System Directive: org.apache.velocity.runtime.directive.Literal
2018-05-09 02:33:59,229 - Loaded System Directive: org.apache.velocity.runtime.directive.Macro
2018-05-09 02:33:59,229 - Loaded System Directive: org.apache.velocity.runtime.directive.Parse
2018-05-09 02:33:59,229 - Loaded System Directive: org.apache.velocity.runtime.directive.Include
2018-05-09 02:33:59,244 - Loaded System Directive: org.apache.velocity.runtime.directive.Foreach
2018-05-09 02:33:59,291 - Created: 20 parsers.
2018-05-09 02:33:59,307 - Velocimacro : initialization starting.
2018-05-09 02:33:59,307 - Velocimacro : adding VMs from VM library template : VM_global_library.vm
2018-05-09 02:33:59,338 - ResourceManager : unable to find resource 'VM_global_library.vm' in any resource loader.
2018-05-09 02:33:59,338 - Velocimacro : error using  VM library template VM_global_library.vm : org.apache.velocity.exception.ResourceNotFoundException: Unable to find resource 'VM_global_library.vm'
2018-05-09 02:33:59,338 - Velocimacro :  VM library template macro registration complete.
2018-05-09 02:33:59,338 - Velocimacro : allowInline = true : VMs can be defined inline in templates
2018-05-09 02:33:59,338 - Velocimacro : allowInlineToOverride = false : VMs defined inline may NOT replace previous VM definitions
2018-05-09 02:33:59,338 - Velocimacro : allowInlineLocal = false : VMs defined inline will be  global in scope if allowed.
2018-05-09 02:33:59,338 - Velocimacro : messages on  : VM system will output logging messages
2018-05-09 02:33:59,338 - Velocimacro : autoload off  : VM system will not automatically reload global library macros
2018-05-09 02:33:59,338 - Velocimacro : initialization complete.
2018-05-09 02:33:59,338 - Velocity successfully started.
2018-05-09 02:37:42,147 - SimpleLog4JLogSystem initialized using logfile 'velocity.log'
2018-05-09 02:37:42,147 - ************************************************************** 
2018-05-09 02:37:42,147 - Starting Jakarta Velocity v1.4
2018-05-09 02:37:42,147 - RuntimeInstance initializing.
2018-05-09 02:37:42,147 - Default Properties File: org\apache\velocity\runtime\defaults\velocity.properties
2018-05-09 02:37:42,147 - Trying to use logger class org.apache.velocity.runtime.log.SimpleLog4JLogSystem
2018-05-09 02:37:42,147 - Using logger class org.apache.velocity.runtime.log.SimpleLog4JLogSystem
2018-05-09 02:37:42,163 - Default ResourceManager initializing. (class org.apache.velocity.runtime.resource.ResourceManagerImpl)
2018-05-09 02:37:42,163 - Resource Loader Instantiated: org.apache.velocity.runtime.resource.loader.ClasspathResourceLoader
2018-05-09 02:37:42,163 - ClasspathResourceLoader : initialization starting.
2018-05-09 02:37:42,163 - ClasspathResourceLoader : initialization complete.
2018-05-09 02:37:42,163 - ResourceCache : initialized. (class org.apache.velocity.runtime.resource.ResourceCacheImpl)
2018-05-09 02:37:42,163 - Default ResourceManager initialization complete.
2018-05-09 02:37:42,179 - Loaded System Directive: org.apache.velocity.runtime.directive.Literal
2018-05-09 02:37:42,179 - Loaded System Directive: org.apache.velocity.runtime.directive.Macro
2018-05-09 02:37:42,194 - Loaded System Directive: org.apache.velocity.runtime.directive.Parse
2018-05-09 02:37:42,194 - Loaded System Directive: org.apache.velocity.runtime.directive.Include
2018-05-09 02:37:42,194 - Loaded System Directive: org.apache.velocity.runtime.directive.Foreach
2018-05-09 02:37:42,257 - Created: 20 parsers.
2018-05-09 02:37:42,272 - Velocimacro : initialization starting.
2018-05-09 02:37:42,272 - Velocimacro : adding VMs from VM library template : VM_global_library.vm
2018-05-09 02:37:42,304 - ResourceManager : unable to find resource 'VM_global_library.vm' in any resource loader.
2018-05-09 02:37:42,304 - Velocimacro : error using  VM library template VM_global_library.vm : org.apache.velocity.exception.ResourceNotFoundException: Unable to find resource 'VM_global_library.vm'
2018-05-09 02:37:42,304 - Velocimacro :  VM library template macro registration complete.
2018-05-09 02:37:42,304 - Velocimacro : allowInline = true : VMs can be defined inline in templates
2018-05-09 02:37:42,304 - Velocimacro : allowInlineToOverride = false : VMs defined inline may NOT replace previous VM definitions
2018-05-09 02:37:42,304 - Velocimacro : allowInlineLocal = false : VMs defined inline will be  global in scope if allowed.
2018-05-09 02:37:42,304 - Velocimacro : messages on  : VM system will output logging messages
2018-05-09 02:37:42,304 - Velocimacro : autoload off  : VM system will not automatically reload global library macros
2018-05-09 02:37:42,304 - Velocimacro : initialization complete.
2018-05-09 02:37:42,304 - Velocity successfully started.
2018-05-09 02:41:10,547 - SimpleLog4JLogSystem initialized using logfile 'velocity.log'
2018-05-09 02:41:10,547 - ************************************************************** 
2018-05-09 02:41:10,547 - Starting Jakarta Velocity v1.4
2018-05-09 02:41:10,547 - RuntimeInstance initializing.
2018-05-09 02:41:10,547 - Default Properties File: org\apache\velocity\runtime\defaults\velocity.properties
2018-05-09 02:41:10,547 - Trying to use logger class org.apache.velocity.runtime.log.SimpleLog4JLogSystem
2018-05-09 02:41:10,547 - Using logger class org.apache.velocity.runtime.log.SimpleLog4JLogSystem
2018-05-09 02:41:10,547 - Default ResourceManager initializing. (class org.apache.velocity.runtime.resource.ResourceManagerImpl)
2018-05-09 02:41:10,563 - Resource Loader Instantiated: org.apache.velocity.runtime.resource.loader.ClasspathResourceLoader
2018-05-09 02:41:10,563 - ClasspathResourceLoader : initialization starting.
2018-05-09 02:41:10,563 - ClasspathResourceLoader : initialization complete.
2018-05-09 02:41:10,563 - ResourceCache : initialized. (class org.apache.velocity.runtime.resource.ResourceCacheImpl)
2018-05-09 02:41:10,563 - Default ResourceManager initialization complete.
2018-05-09 02:41:10,575 - Loaded System Directive: org.apache.velocity.runtime.directive.Literal
2018-05-09 02:41:10,579 - Loaded System Directive: org.apache.velocity.runtime.directive.Macro
2018-05-09 02:41:10,586 - Loaded System Directive: org.apache.velocity.runtime.directive.Parse
2018-05-09 02:41:10,590 - Loaded System Directive: org.apache.velocity.runtime.directive.Include
2018-05-09 02:41:10,592 - Loaded System Directive: org.apache.velocity.runtime.directive.Foreach
2018-05-09 02:41:10,635 - Created: 20 parsers.
2018-05-09 02:41:10,651 - Velocimacro : initialization starting.
2018-05-09 02:41:10,651 - Velocimacro : adding VMs from VM library template : VM_global_library.vm
2018-05-09 02:41:10,682 - ResourceManager : unable to find resource 'VM_global_library.vm' in any resource loader.
2018-05-09 02:41:10,682 - Velocimacro : error using  VM library template VM_global_library.vm : org.apache.velocity.exception.ResourceNotFoundException: Unable to find resource 'VM_global_library.vm'
2018-05-09 02:41:10,682 - Velocimacro :  VM library template macro registration complete.
2018-05-09 02:41:10,682 - Velocimacro : allowInline = true : VMs can be defined inline in templates
2018-05-09 02:41:10,682 - Velocimacro : allowInlineToOverride = false : VMs defined inline may NOT replace previous VM definitions
2018-05-09 02:41:10,682 - Velocimacro : allowInlineLocal = false : VMs defined inline will be  global in scope if allowed.
2018-05-09 02:41:10,682 - Velocimacro : messages on  : VM system will output logging messages
2018-05-09 02:41:10,682 - Velocimacro : autoload off  : VM system will not automatically reload global library macros
2018-05-09 02:41:10,682 - Velocimacro : initialization complete.
2018-05-09 02:41:10,682 - Velocity successfully started.
2018-05-09 02:46:47,144 - SimpleLog4JLogSystem initialized using logfile 'velocity.log'
2018-05-09 02:46:47,144 - ************************************************************** 
2018-05-09 02:46:47,144 - Starting Jakarta Velocity v1.4
2018-05-09 02:46:47,144 - RuntimeInstance initializing.
2018-05-09 02:46:47,144 - Default Properties File: org\apache\velocity\runtime\defaults\velocity.properties
2018-05-09 02:46:47,144 - Trying to use logger class org.apache.velocity.runtime.log.SimpleLog4JLogSystem
2018-05-09 02:46:47,144 - Using logger class org.apache.velocity.runtime.log.SimpleLog4JLogSystem
2018-05-09 02:46:47,144 - Default ResourceManager initializing. (class org.apache.velocity.runtime.resource.ResourceManagerImpl)
2018-05-09 02:46:47,160 - Resource Loader Instantiated: org.apache.velocity.runtime.resource.loader.ClasspathResourceLoader
2018-05-09 02:46:47,160 - ClasspathResourceLoader : initialization starting.
2018-05-09 02:46:47,160 - ClasspathResourceLoader : initialization complete.
2018-05-09 02:46:47,176 - ResourceCache : initialized. (class org.apache.velocity.runtime.resource.ResourceCacheImpl)
2018-05-09 02:46:47,176 - Default ResourceManager initialization complete.
2018-05-09 02:46:47,176 - Loaded System Directive: org.apache.velocity.runtime.directive.Literal
2018-05-09 02:46:47,176 - Loaded System Directive: org.apache.velocity.runtime.directive.Macro
2018-05-09 02:46:47,191 - Loaded System Directive: org.apache.velocity.runtime.directive.Parse
2018-05-09 02:46:47,191 - Loaded System Directive: org.apache.velocity.runtime.directive.Include
2018-05-09 02:46:47,191 - Loaded System Directive: org.apache.velocity.runtime.directive.Foreach
2018-05-09 02:46:47,285 - Created: 20 parsers.
2018-05-09 02:46:47,301 - Velocimacro : initialization starting.
2018-05-09 02:46:47,301 - Velocimacro : adding VMs from VM library template : VM_global_library.vm
2018-05-09 02:46:47,332 - ResourceManager : unable to find resource 'VM_global_library.vm' in any resource loader.
2018-05-09 02:46:47,332 - Velocimacro : error using  VM library template VM_global_library.vm : org.apache.velocity.exception.ResourceNotFoundException: Unable to find resource 'VM_global_library.vm'
2018-05-09 02:46:47,332 - Velocimacro :  VM library template macro registration complete.
2018-05-09 02:46:47,332 - Velocimacro : allowInline = true : VMs can be defined inline in templates
2018-05-09 02:46:47,332 - Velocimacro : allowInlineToOverride = false : VMs defined inline may NOT replace previous VM definitions
2018-05-09 02:46:47,332 - Velocimacro : allowInlineLocal = false : VMs defined inline will be  global in scope if allowed.
2018-05-09 02:46:47,332 - Velocimacro : messages on  : VM system will output logging messages
2018-05-09 02:46:47,332 - Velocimacro : autoload off  : VM system will not automatically reload global library macros
2018-05-09 02:46:47,332 - Velocimacro : initialization complete.
2018-05-09 02:46:47,332 - Velocity successfully started.
2018-05-09 02:48:17,208 - SimpleLog4JLogSystem initialized using logfile 'velocity.log'
2018-05-09 02:48:17,208 - ************************************************************** 
2018-05-09 02:48:17,208 - Starting Jakarta Velocity v1.4
2018-05-09 02:48:17,208 - RuntimeInstance initializing.
2018-05-09 02:48:17,208 - Default Properties File: org\apache\velocity\runtime\defaults\velocity.properties
2018-05-09 02:48:17,208 - Trying to use logger class org.apache.velocity.runtime.log.SimpleLog4JLogSystem
2018-05-09 02:48:17,208 - Using logger class org.apache.velocity.runtime.log.SimpleLog4JLogSystem
2018-05-09 02:48:17,208 - Default ResourceManager initializing. (class org.apache.velocity.runtime.resource.ResourceManagerImpl)
2018-05-09 02:48:17,224 - Resource Loader Instantiated: org.apache.velocity.runtime.resource.loader.ClasspathResourceLoader
2018-05-09 02:48:17,224 - ClasspathResourceLoader : initialization starting.
2018-05-09 02:48:17,224 - ClasspathResourceLoader : initialization complete.
2018-05-09 02:48:17,224 - ResourceCache : initialized. (class org.apache.velocity.runtime.resource.ResourceCacheImpl)
2018-05-09 02:48:17,224 - Default ResourceManager initialization complete.
2018-05-09 02:48:17,239 - Loaded System Directive: org.apache.velocity.runtime.directive.Literal
2018-05-09 02:48:17,239 - Loaded System Directive: org.apache.velocity.runtime.directive.Macro
2018-05-09 02:48:17,239 - Loaded System Directive: org.apache.velocity.runtime.directive.Parse
2018-05-09 02:48:17,255 - Loaded System Directive: org.apache.velocity.runtime.directive.Include
2018-05-09 02:48:17,255 - Loaded System Directive: org.apache.velocity.runtime.directive.Foreach
2018-05-09 02:48:17,302 - Created: 20 parsers.
2018-05-09 02:48:17,318 - Velocimacro : initialization starting.
2018-05-09 02:48:17,318 - Velocimacro : adding VMs from VM library template : VM_global_library.vm
2018-05-09 02:48:17,349 - ResourceManager : unable to find resource 'VM_global_library.vm' in any resource loader.
2018-05-09 02:48:17,349 - Velocimacro : error using  VM library template VM_global_library.vm : org.apache.velocity.exception.ResourceNotFoundException: Unable to find resource 'VM_global_library.vm'
2018-05-09 02:48:17,349 - Velocimacro :  VM library template macro registration complete.
2018-05-09 02:48:17,349 - Velocimacro : allowInline = true : VMs can be defined inline in templates
2018-05-09 02:48:17,349 - Velocimacro : allowInlineToOverride = false : VMs defined inline may NOT replace previous VM definitions
2018-05-09 02:48:17,349 - Velocimacro : allowInlineLocal = false : VMs defined inline will be  global in scope if allowed.
2018-05-09 02:48:17,349 - Velocimacro : messages on  : VM system will output logging messages
2018-05-09 02:48:17,349 - Velocimacro : autoload off  : VM system will not automatically reload global library macros
2018-05-09 02:48:17,349 - Velocimacro : initialization complete.
2018-05-09 02:48:17,349 - Velocity successfully started.
2018-05-09 02:50:47,844 - SimpleLog4JLogSystem initialized using logfile 'velocity.log'
2018-05-09 02:50:47,844 - ************************************************************** 
2018-05-09 02:50:47,844 - Starting Jakarta Velocity v1.4
2018-05-09 02:50:47,844 - RuntimeInstance initializing.
2018-05-09 02:50:47,844 - Default Properties File: org\apache\velocity\runtime\defaults\velocity.properties
2018-05-09 02:50:47,844 - Trying to use logger class org.apache.velocity.runtime.log.SimpleLog4JLogSystem
2018-05-09 02:50:47,844 - Using logger class org.apache.velocity.runtime.log.SimpleLog4JLogSystem
2018-05-09 02:50:47,859 - Default ResourceManager initializing. (class org.apache.velocity.runtime.resource.ResourceManagerImpl)
2018-05-09 02:50:47,859 - Resource Loader Instantiated: org.apache.velocity.runtime.resource.loader.ClasspathResourceLoader
2018-05-09 02:50:47,859 - ClasspathResourceLoader : initialization starting.
2018-05-09 02:50:47,859 - ClasspathResourceLoader : initialization complete.
2018-05-09 02:50:47,875 - ResourceCache : initialized. (class org.apache.velocity.runtime.resource.ResourceCacheImpl)
2018-05-09 02:50:47,875 - Default ResourceManager initialization complete.
2018-05-09 02:50:47,890 - Loaded System Directive: org.apache.velocity.runtime.directive.Literal
2018-05-09 02:50:47,890 - Loaded System Directive: org.apache.velocity.runtime.directive.Macro
2018-05-09 02:50:47,906 - Loaded System Directive: org.apache.velocity.runtime.directive.Parse
2018-05-09 02:50:47,922 - Loaded System Directive: org.apache.velocity.runtime.directive.Include
2018-05-09 02:50:47,922 - Loaded System Directive: org.apache.velocity.runtime.directive.Foreach
2018-05-09 02:50:48,015 - Created: 20 parsers.
2018-05-09 02:50:48,047 - Velocimacro : initialization starting.
2018-05-09 02:50:48,047 - Velocimacro : adding VMs from VM library template : VM_global_library.vm
2018-05-09 02:50:48,078 - ResourceManager : unable to find resource 'VM_global_library.vm' in any resource loader.
2018-05-09 02:50:48,078 - Velocimacro : error using  VM library template VM_global_library.vm : org.apache.velocity.exception.ResourceNotFoundException: Unable to find resource 'VM_global_library.vm'
2018-05-09 02:50:48,078 - Velocimacro :  VM library template macro registration complete.
2018-05-09 02:50:48,078 - Velocimacro : allowInline = true : VMs can be defined inline in templates
2018-05-09 02:50:48,094 - Velocimacro : allowInlineToOverride = false : VMs defined inline may NOT replace previous VM definitions
2018-05-09 02:50:48,094 - Velocimacro : allowInlineLocal = false : VMs defined inline will be  global in scope if allowed.
2018-05-09 02:50:48,094 - Velocimacro : messages on  : VM system will output logging messages
2018-05-09 02:50:48,094 - Velocimacro : autoload off  : VM system will not automatically reload global library macros
2018-05-09 02:50:48,094 - Velocimacro : initialization complete.
2018-05-09 02:50:48,094 - Velocity successfully started.
2018-05-09 02:51:59,451 - SimpleLog4JLogSystem initialized using logfile 'velocity.log'
2018-05-09 02:51:59,451 - ************************************************************** 
2018-05-09 02:51:59,451 - Starting Jakarta Velocity v1.4
2018-05-09 02:51:59,451 - RuntimeInstance initializing.
2018-05-09 02:51:59,451 - Default Properties File: org\apache\velocity\runtime\defaults\velocity.properties
2018-05-09 02:51:59,451 - Trying to use logger class org.apache.velocity.runtime.log.SimpleLog4JLogSystem
2018-05-09 02:51:59,451 - Using logger class org.apache.velocity.runtime.log.SimpleLog4JLogSystem
2018-05-09 02:51:59,451 - Default ResourceManager initializing. (class org.apache.velocity.runtime.resource.ResourceManagerImpl)
2018-05-09 02:51:59,466 - Resource Loader Instantiated: org.apache.velocity.runtime.resource.loader.ClasspathResourceLoader
2018-05-09 02:51:59,466 - ClasspathResourceLoader : initialization starting.
2018-05-09 02:51:59,466 - ClasspathResourceLoader : initialization complete.
2018-05-09 02:51:59,466 - ResourceCache : initialized. (class org.apache.velocity.runtime.resource.ResourceCacheImpl)
2018-05-09 02:51:59,466 - Default ResourceManager initialization complete.
2018-05-09 02:51:59,466 - Loaded System Directive: org.apache.velocity.runtime.directive.Literal
2018-05-09 02:51:59,482 - Loaded System Directive: org.apache.velocity.runtime.directive.Macro
2018-05-09 02:51:59,482 - Loaded System Directive: org.apache.velocity.runtime.directive.Parse
2018-05-09 02:51:59,482 - Loaded System Directive: org.apache.velocity.runtime.directive.Include
2018-05-09 02:51:59,482 - Loaded System Directive: org.apache.velocity.runtime.directive.Foreach
2018-05-09 02:51:59,544 - Created: 20 parsers.
2018-05-09 02:51:59,560 - Velocimacro : initialization starting.
2018-05-09 02:51:59,560 - Velocimacro : adding VMs from VM library template : VM_global_library.vm
2018-05-09 02:51:59,591 - ResourceManager : unable to find resource 'VM_global_library.vm' in any resource loader.
2018-05-09 02:51:59,591 - Velocimacro : error using  VM library template VM_global_library.vm : org.apache.velocity.exception.ResourceNotFoundException: Unable to find resource 'VM_global_library.vm'
2018-05-09 02:51:59,591 - Velocimacro :  VM library template macro registration complete.
2018-05-09 02:51:59,591 - Velocimacro : allowInline = true : VMs can be defined inline in templates
2018-05-09 02:51:59,591 - Velocimacro : allowInlineToOverride = false : VMs defined inline may NOT replace previous VM definitions
2018-05-09 02:51:59,591 - Velocimacro : allowInlineLocal = false : VMs defined inline will be  global in scope if allowed.
2018-05-09 02:51:59,591 - Velocimacro : messages on  : VM system will output logging messages
2018-05-09 02:51:59,591 - Velocimacro : autoload off  : VM system will not automatically reload global library macros
2018-05-09 02:51:59,591 - Velocimacro : initialization complete.
2018-05-09 02:51:59,591 - Velocity successfully started.
2018-05-09 02:53:55,371 - ResourceManager : found repast/simphony/scenario/Scenario.vt with loader org.apache.velocity.runtime.resource.loader.ClasspathResourceLoader
2018-05-09 02:53:56,643 - ResourceManager : found repast/simphony/scenario/Scenario.vt with loader org.apache.velocity.runtime.resource.loader.ClasspathResourceLoader
2018-05-09 03:02:18,956 - SimpleLog4JLogSystem initialized using logfile 'velocity.log'
2018-05-09 03:02:18,956 - ************************************************************** 
2018-05-09 03:02:18,956 - Starting Jakarta Velocity v1.4
2018-05-09 03:02:18,956 - RuntimeInstance initializing.
2018-05-09 03:02:18,956 - Default Properties File: org\apache\velocity\runtime\defaults\velocity.properties
2018-05-09 03:02:18,956 - Trying to use logger class org.apache.velocity.runtime.log.SimpleLog4JLogSystem
2018-05-09 03:02:18,956 - Using logger class org.apache.velocity.runtime.log.SimpleLog4JLogSystem
2018-05-09 03:02:18,956 - Default ResourceManager initializing. (class org.apache.velocity.runtime.resource.ResourceManagerImpl)
2018-05-09 03:02:18,971 - Resource Loader Instantiated: org.apache.velocity.runtime.resource.loader.ClasspathResourceLoader
2018-05-09 03:02:18,971 - ClasspathResourceLoader : initialization starting.
2018-05-09 03:02:18,971 - ClasspathResourceLoader : initialization complete.
2018-05-09 03:02:18,971 - SimpleLog4JLogSystem initialized using logfile 'velocity.log'
2018-05-09 03:02:18,971 - ************************************************************** 
2018-05-09 03:02:18,971 - Starting Jakarta Velocity v1.4
2018-05-09 03:02:18,971 - RuntimeInstance initializing.
2018-05-09 03:02:18,971 - Default Properties File: org\apache\velocity\runtime\defaults\velocity.properties
2018-05-09 03:02:18,971 - Trying to use logger class org.apache.velocity.runtime.log.SimpleLog4JLogSystem
2018-05-09 03:02:18,971 - Using logger class org.apache.velocity.runtime.log.SimpleLog4JLogSystem
2018-05-09 03:02:18,971 - ResourceCache : initialized. (class org.apache.velocity.runtime.resource.ResourceCacheImpl)
2018-05-09 03:02:18,971 - Default ResourceManager initialization complete.
2018-05-09 03:02:18,971 - Default ResourceManager initializing. (class org.apache.velocity.runtime.resource.ResourceManagerImpl)
2018-05-09 03:02:18,971 - Loaded System Directive: org.apache.velocity.runtime.directive.Literal
2018-05-09 03:02:18,987 - Loaded System Directive: org.apache.velocity.runtime.directive.Macro
2018-05-09 03:02:18,987 - Resource Loader Instantiated: org.apache.velocity.runtime.resource.loader.ClasspathResourceLoader
2018-05-09 03:02:18,987 - ClasspathResourceLoader : initialization starting.
2018-05-09 03:02:18,987 - ClasspathResourceLoader : initialization complete.
2018-05-09 03:02:18,987 - ResourceCache : initialized. (class org.apache.velocity.runtime.resource.ResourceCacheImpl)
2018-05-09 03:02:18,987 - Default ResourceManager initialization complete.
2018-05-09 03:02:18,987 - Loaded System Directive: org.apache.velocity.runtime.directive.Parse
2018-05-09 03:02:18,987 - Loaded System Directive: org.apache.velocity.runtime.directive.Literal
2018-05-09 03:02:19,003 - Loaded System Directive: org.apache.velocity.runtime.directive.Include
2018-05-09 03:02:19,003 - Loaded System Directive: org.apache.velocity.runtime.directive.Foreach
2018-05-09 03:02:19,003 - Loaded System Directive: org.apache.velocity.runtime.directive.Macro
2018-05-09 03:02:19,003 - Loaded System Directive: org.apache.velocity.runtime.directive.Parse
2018-05-09 03:02:19,003 - Loaded System Directive: org.apache.velocity.runtime.directive.Include
2018-05-09 03:02:19,018 - Loaded System Directive: org.apache.velocity.runtime.directive.Foreach
2018-05-09 03:02:19,096 - Created: 20 parsers.
2018-05-09 03:02:19,112 - Created: 20 parsers.
2018-05-09 03:02:19,128 - Velocimacro : initialization starting.
2018-05-09 03:02:19,128 - Velocimacro : adding VMs from VM library template : VM_global_library.vm
2018-05-09 03:02:19,128 - Velocimacro : initialization starting.
2018-05-09 03:02:19,128 - Velocimacro : adding VMs from VM library template : VM_global_library.vm
2018-05-09 03:02:19,143 - ResourceManager : unable to find resource 'VM_global_library.vm' in any resource loader.
2018-05-09 03:02:19,143 - Velocimacro : error using  VM library template VM_global_library.vm : org.apache.velocity.exception.ResourceNotFoundException: Unable to find resource 'VM_global_library.vm'
2018-05-09 03:02:19,143 - Velocimacro :  VM library template macro registration complete.
2018-05-09 03:02:19,143 - Velocimacro : allowInline = true : VMs can be defined inline in templates
2018-05-09 03:02:19,143 - Velocimacro : allowInlineToOverride = false : VMs defined inline may NOT replace previous VM definitions
2018-05-09 03:02:19,143 - Velocimacro : allowInlineLocal = false : VMs defined inline will be  global in scope if allowed.
2018-05-09 03:02:19,143 - Velocimacro : messages on  : VM system will output logging messages
2018-05-09 03:02:19,143 - Velocimacro : autoload off  : VM system will not automatically reload global library macros
2018-05-09 03:02:19,143 - Velocimacro : initialization complete.
2018-05-09 03:02:19,143 - Velocity successfully started.
2018-05-09 03:02:19,159 - ResourceManager : unable to find resource 'VM_global_library.vm' in any resource loader.
2018-05-09 03:02:19,159 - Velocimacro : error using  VM library template VM_global_library.vm : org.apache.velocity.exception.ResourceNotFoundException: Unable to find resource 'VM_global_library.vm'
2018-05-09 03:02:19,159 - Velocimacro :  VM library template macro registration complete.
2018-05-09 03:02:19,159 - Velocimacro : allowInline = true : VMs can be defined inline in templates
2018-05-09 03:02:19,159 - Velocimacro : allowInlineToOverride = false : VMs defined inline may NOT replace previous VM definitions
2018-05-09 03:02:19,159 - Velocimacro : allowInlineLocal = false : VMs defined inline will be  global in scope if allowed.
2018-05-09 03:02:19,159 - Velocimacro : messages on  : VM system will output logging messages
2018-05-09 03:02:19,159 - Velocimacro : autoload off  : VM system will not automatically reload global library macros
2018-05-09 03:02:19,159 - Velocimacro : initialization complete.
2018-05-09 03:02:19,159 - Velocity successfully started.
2018-05-09 03:05:20,389 - SimpleLog4JLogSystem initialized using logfile 'velocity.log'
2018-05-09 03:05:20,389 - ************************************************************** 
2018-05-09 03:05:20,389 - Starting Jakarta Velocity v1.4
2018-05-09 03:05:20,389 - RuntimeInstance initializing.
2018-05-09 03:05:20,389 - Default Properties File: org\apache\velocity\runtime\defaults\velocity.properties
2018-05-09 03:05:20,389 - Trying to use logger class org.apache.velocity.runtime.log.SimpleLog4JLogSystem
2018-05-09 03:05:20,389 - Using logger class org.apache.velocity.runtime.log.SimpleLog4JLogSystem
2018-05-09 03:05:20,389 - Default ResourceManager initializing. (class org.apache.velocity.runtime.resource.ResourceManagerImpl)
2018-05-09 03:05:20,405 - Resource Loader Instantiated: org.apache.velocity.runtime.resource.loader.ClasspathResourceLoader
2018-05-09 03:05:20,405 - ClasspathResourceLoader : initialization starting.
2018-05-09 03:05:20,405 - ClasspathResourceLoader : initialization complete.
2018-05-09 03:05:20,405 - ResourceCache : initialized. (class org.apache.velocity.runtime.resource.ResourceCacheImpl)
2018-05-09 03:05:20,405 - Default ResourceManager initialization complete.
2018-05-09 03:05:20,421 - Loaded System Directive: org.apache.velocity.runtime.directive.Literal
2018-05-09 03:05:20,421 - Loaded System Directive: org.apache.velocity.runtime.directive.Macro
2018-05-09 03:05:20,421 - Loaded System Directive: org.apache.velocity.runtime.directive.Parse
2018-05-09 03:05:20,436 - Loaded System Directive: org.apache.velocity.runtime.directive.Include
2018-05-09 03:05:20,436 - Loaded System Directive: org.apache.velocity.runtime.directive.Foreach
2018-05-09 03:05:20,483 - Created: 20 parsers.
2018-05-09 03:05:20,499 - Velocimacro : initialization starting.
2018-05-09 03:05:20,499 - Velocimacro : adding VMs from VM library template : VM_global_library.vm
2018-05-09 03:05:20,530 - ResourceManager : unable to find resource 'VM_global_library.vm' in any resource loader.
2018-05-09 03:05:20,530 - Velocimacro : error using  VM library template VM_global_library.vm : org.apache.velocity.exception.ResourceNotFoundException: Unable to find resource 'VM_global_library.vm'
2018-05-09 03:05:20,530 - Velocimacro :  VM library template macro registration complete.
2018-05-09 03:05:20,530 - Velocimacro : allowInline = true : VMs can be defined inline in templates
2018-05-09 03:05:20,530 - Velocimacro : allowInlineToOverride = false : VMs defined inline may NOT replace previous VM definitions
2018-05-09 03:05:20,530 - Velocimacro : allowInlineLocal = false : VMs defined inline will be  global in scope if allowed.
2018-05-09 03:05:20,530 - Velocimacro : messages on  : VM system will output logging messages
2018-05-09 03:05:20,530 - Velocimacro : autoload off  : VM system will not automatically reload global library macros
2018-05-09 03:05:20,530 - Velocimacro : initialization complete.
2018-05-09 03:05:20,530 - Velocity successfully started.
2018-05-09 03:06:04,259 - ResourceManager : found repast/simphony/parameter/parameters.vt with loader org.apache.velocity.runtime.resource.loader.ClasspathResourceLoader
2018-05-09 03:08:24,178 - SimpleLog4JLogSystem initialized using logfile 'velocity.log'
2018-05-09 03:08:24,178 - ************************************************************** 
2018-05-09 03:08:24,178 - Starting Jakarta Velocity v1.4
2018-05-09 03:08:24,178 - RuntimeInstance initializing.
2018-05-09 03:08:24,178 - Default Properties File: org\apache\velocity\runtime\defaults\velocity.properties
2018-05-09 03:08:24,178 - Trying to use logger class org.apache.velocity.runtime.log.SimpleLog4JLogSystem
2018-05-09 03:08:24,178 - Using logger class org.apache.velocity.runtime.log.SimpleLog4JLogSystem
2018-05-09 03:08:24,178 - Default ResourceManager initializing. (class org.apache.velocity.runtime.resource.ResourceManagerImpl)
2018-05-09 03:08:24,194 - Resource Loader Instantiated: org.apache.velocity.runtime.resource.loader.ClasspathResourceLoader
2018-05-09 03:08:24,194 - ClasspathResourceLoader : initialization starting.
2018-05-09 03:08:24,194 - ClasspathResourceLoader : initialization complete.
2018-05-09 03:08:24,194 - ResourceCache : initialized. (class org.apache.velocity.runtime.resource.ResourceCacheImpl)
2018-05-09 03:08:24,194 - Default ResourceManager initialization complete.
2018-05-09 03:08:24,194 - Loaded System Directive: org.apache.velocity.runtime.directive.Literal
2018-05-09 03:08:24,209 - Loaded System Directive: org.apache.velocity.runtime.directive.Macro
2018-05-09 03:08:24,209 - Loaded System Directive: org.apache.velocity.runtime.directive.Parse
2018-05-09 03:08:24,209 - Loaded System Directive: org.apache.velocity.runtime.directive.Include
2018-05-09 03:08:24,225 - Loaded System Directive: org.apache.velocity.runtime.directive.Foreach
2018-05-09 03:08:24,272 - Created: 20 parsers.
2018-05-09 03:08:24,288 - Velocimacro : initialization starting.
2018-05-09 03:08:24,288 - Velocimacro : adding VMs from VM library template : VM_global_library.vm
2018-05-09 03:08:24,319 - ResourceManager : unable to find resource 'VM_global_library.vm' in any resource loader.
2018-05-09 03:08:24,319 - Velocimacro : error using  VM library template VM_global_library.vm : org.apache.velocity.exception.ResourceNotFoundException: Unable to find resource 'VM_global_library.vm'
2018-05-09 03:08:24,319 - Velocimacro :  VM library template macro registration complete.
2018-05-09 03:08:24,319 - Velocimacro : allowInline = true : VMs can be defined inline in templates
2018-05-09 03:08:24,319 - Velocimacro : allowInlineToOverride = false : VMs defined inline may NOT replace previous VM definitions
2018-05-09 03:08:24,319 - Velocimacro : allowInlineLocal = false : VMs defined inline will be  global in scope if allowed.
2018-05-09 03:08:24,319 - Velocimacro : messages on  : VM system will output logging messages
2018-05-09 03:08:24,319 - Velocimacro : autoload off  : VM system will not automatically reload global library macros
2018-05-09 03:08:24,319 - Velocimacro : initialization complete.
2018-05-09 03:08:24,319 - Velocity successfully started.
2018-05-09 03:12:07,648 - SimpleLog4JLogSystem initialized using logfile 'velocity.log'
2018-05-09 03:12:07,649 - ************************************************************** 
2018-05-09 03:12:07,649 - Starting Jakarta Velocity v1.4
2018-05-09 03:12:07,649 - RuntimeInstance initializing.
2018-05-09 03:12:07,649 - Default Properties File: org\apache\velocity\runtime\defaults\velocity.properties
2018-05-09 03:12:07,650 - Trying to use logger class org.apache.velocity.runtime.log.SimpleLog4JLogSystem
2018-05-09 03:12:07,650 - Using logger class org.apache.velocity.runtime.log.SimpleLog4JLogSystem
2018-05-09 03:12:07,664 - Default ResourceManager initializing. (class org.apache.velocity.runtime.resource.ResourceManagerImpl)
2018-05-09 03:12:07,679 - Resource Loader Instantiated: org.apache.velocity.runtime.resource.loader.ClasspathResourceLoader
2018-05-09 03:12:07,679 - ClasspathResourceLoader : initialization starting.
2018-05-09 03:12:07,679 - ClasspathResourceLoader : initialization complete.
2018-05-09 03:12:07,694 - ResourceCache : initialized. (class org.apache.velocity.runtime.resource.ResourceCacheImpl)
2018-05-09 03:12:07,694 - Default ResourceManager initialization complete.
2018-05-09 03:12:07,704 - Loaded System Directive: org.apache.velocity.runtime.directive.Literal
2018-05-09 03:12:07,712 - Loaded System Directive: org.apache.velocity.runtime.directive.Macro
2018-05-09 03:12:07,718 - Loaded System Directive: org.apache.velocity.runtime.directive.Parse
2018-05-09 03:12:07,729 - Loaded System Directive: org.apache.velocity.runtime.directive.Include
2018-05-09 03:12:07,731 - Loaded System Directive: org.apache.velocity.runtime.directive.Foreach
2018-05-09 03:12:07,871 - Created: 20 parsers.
2018-05-09 03:12:07,913 - Velocimacro : initialization starting.
2018-05-09 03:12:07,913 - Velocimacro : adding VMs from VM library template : VM_global_library.vm
2018-05-09 03:12:07,959 - ResourceManager : unable to find resource 'VM_global_library.vm' in any resource loader.
2018-05-09 03:12:07,960 - Velocimacro : error using  VM library template VM_global_library.vm : org.apache.velocity.exception.ResourceNotFoundException: Unable to find resource 'VM_global_library.vm'
2018-05-09 03:12:07,960 - Velocimacro :  VM library template macro registration complete.
2018-05-09 03:12:07,960 - Velocimacro : allowInline = true : VMs can be defined inline in templates
2018-05-09 03:12:07,960 - Velocimacro : allowInlineToOverride = false : VMs defined inline may NOT replace previous VM definitions
2018-05-09 03:12:07,960 - Velocimacro : allowInlineLocal = false : VMs defined inline will be  global in scope if allowed.
2018-05-09 03:12:07,960 - Velocimacro : messages on  : VM system will output logging messages
2018-05-09 03:12:07,960 - Velocimacro : autoload off  : VM system will not automatically reload global library macros
2018-05-09 03:12:07,960 - Velocimacro : initialization complete.
2018-05-09 03:12:07,960 - Velocity successfully started.
